<?xml version="1.0" encoding="UTF-8"?><testsuite failures="3" tests="3">
<testcase classname="Logging into Saleforce" name="Logging in salesforce_1" time="16.237411">
<failure message="org.openqa.selenium.WebDriverException: unknown error: call function result missing 'value'&#10;  (Session info: chrome=68.0.3440.75)&#10;  (Driver info: chromedriver=2.33.506120 (e3e53437346286c0bc2d2dc9aa4915ba81d9023f),platform=Windows NT 10.0.17134 x86_64) (WARNING: The server did not provide any stacktrace information)&#10;Command duration or timeout: 72 milliseconds&#10;Build info: version: '2.42.2', revision: '6a6995d31c7c56c340d6f45a76976d43506cd6cc', time: '2014-06-03 10:52:47'&#10;System info: host: 'DESKTOP-SM0PVNB', ip: '10.0.75.1', os.name: 'Windows 10', os.arch: 'amd64', os.version: '10.0', java.version: '1.8.0_151'&#10;Driver info: org.openqa.selenium.chrome.ChromeDriver&#10;Capabilities [{applicationCacheEnabled=false, rotatable=false, mobileEmulationEnabled=false, networkConnectionEnabled=false, chrome={chromedriverVersion=2.33.506120 (e3e53437346286c0bc2d2dc9aa4915ba81d9023f), userDataDir=C:\Users\gkarnati\AppData\Local\Temp\scoped_dir25200_26423}, takesHeapSnapshot=true, pageLoadStrategy=normal, databaseEnabled=false, handlesAlerts=true, hasTouchScreen=false, version=68.0.3440.75, platform=XP, browserConnectionEnabled=false, nativeEvents=true, acceptSslCerts=true, locationContextEnabled=true, webStorageEnabled=true, browserName=chrome, takesScreenshot=true, javascriptEnabled=true, cssSelectorsEnabled=true, setWindowRect=true, unexpectedAlertBehaviour=}]&#10;Session ID: c81c06d63da7286759ecff8dbb81b031&#13;&#10;&#9;at sun.reflect.NativeConstructorAccessorImpl.newInstance0(Native Method)&#13;&#10;&#9;at sun.reflect.NativeConstructorAccessorImpl.newInstance(NativeConstructorAccessorImpl.java:62)&#13;&#10;&#9;at sun.reflect.DelegatingConstructorAccessorImpl.newInstance(DelegatingConstructorAccessorImpl.java:45)&#13;&#10;&#9;at java.lang.reflect.Constructor.newInstance(Constructor.java:423)&#13;&#10;&#9;at org.openqa.selenium.remote.ErrorHandler.createThrowable(ErrorHandler.java:204)&#13;&#10;&#9;at org.openqa.selenium.remote.ErrorHandler.throwIfResponseFailed(ErrorHandler.java:156)&#13;&#10;&#9;at org.openqa.selenium.remote.RemoteWebDriver.execute(RemoteWebDriver.java:599)&#13;&#10;&#9;at org.openqa.selenium.remote.RemoteWebElement.execute(RemoteWebElement.java:268)&#13;&#10;&#9;at org.openqa.selenium.remote.RemoteWebElement.sendKeys(RemoteWebElement.java:89)&#13;&#10;&#9;at com.cucumber.salesforce.util.WebConnector.type(WebConnector.java:60)&#13;&#10;&#9;at com.cucumber.salesforce.login.LoginTest.I_enter(LoginTest.java:19)&#13;&#10;&#9;at ✽.And I enter &quot;uname&quot; as &quot;govardhan.selenium@gmail.com&quot;(main\resources\com\cucumber\salesforce\login\login.feature:10)&#13;&#10;"><![CDATA[Given I go to "Login_URL" on "chrome"....................................................passed
And I enter "uname" as "govardhan.selenium@gmail.com"............................................failed
And I enter "pass" as "test@1234"......................................................skipped
And I click on "login_button"........................................................skipped
Then Login should be "Success".......................................................skipped

StackTrace:
org.openqa.selenium.WebDriverException: unknown error: call function result missing 'value'
  (Session info: chrome=68.0.3440.75)
  (Driver info: chromedriver=2.33.506120 (e3e53437346286c0bc2d2dc9aa4915ba81d9023f),platform=Windows NT 10.0.17134 x86_64) (WARNING: The server did not provide any stacktrace information)
Command duration or timeout: 72 milliseconds
Build info: version: '2.42.2', revision: '6a6995d31c7c56c340d6f45a76976d43506cd6cc', time: '2014-06-03 10:52:47'
System info: host: 'DESKTOP-SM0PVNB', ip: '10.0.75.1', os.name: 'Windows 10', os.arch: 'amd64', os.version: '10.0', java.version: '1.8.0_151'
Driver info: org.openqa.selenium.chrome.ChromeDriver
Capabilities [{applicationCacheEnabled=false, rotatable=false, mobileEmulationEnabled=false, networkConnectionEnabled=false, chrome={chromedriverVersion=2.33.506120 (e3e53437346286c0bc2d2dc9aa4915ba81d9023f), userDataDir=C:\Users\gkarnati\AppData\Local\Temp\scoped_dir25200_26423}, takesHeapSnapshot=true, pageLoadStrategy=normal, databaseEnabled=false, handlesAlerts=true, hasTouchScreen=false, version=68.0.3440.75, platform=XP, browserConnectionEnabled=false, nativeEvents=true, acceptSslCerts=true, locationContextEnabled=true, webStorageEnabled=true, browserName=chrome, takesScreenshot=true, javascriptEnabled=true, cssSelectorsEnabled=true, setWindowRect=true, unexpectedAlertBehaviour=}]
Session ID: c81c06d63da7286759ecff8dbb81b031
	at sun.reflect.NativeConstructorAccessorImpl.newInstance0(Native Method)
	at sun.reflect.NativeConstructorAccessorImpl.newInstance(NativeConstructorAccessorImpl.java:62)
	at sun.reflect.DelegatingConstructorAccessorImpl.newInstance(DelegatingConstructorAccessorImpl.java:45)
	at java.lang.reflect.Constructor.newInstance(Constructor.java:423)
	at org.openqa.selenium.remote.ErrorHandler.createThrowable(ErrorHandler.java:204)
	at org.openqa.selenium.remote.ErrorHandler.throwIfResponseFailed(ErrorHandler.java:156)
	at org.openqa.selenium.remote.RemoteWebDriver.execute(RemoteWebDriver.java:599)
	at org.openqa.selenium.remote.RemoteWebElement.execute(RemoteWebElement.java:268)
	at org.openqa.selenium.remote.RemoteWebElement.sendKeys(RemoteWebElement.java:89)
	at com.cucumber.salesforce.util.WebConnector.type(WebConnector.java:60)
	at com.cucumber.salesforce.login.LoginTest.I_enter(LoginTest.java:19)
	at ✽.And I enter "uname" as "govardhan.selenium@gmail.com"(main\resources\com\cucumber\salesforce\login\login.feature:10)
]]></failure>
</testcase>
<testcase classname="To check the top menu options in the sales force application." name="Testing top menu_2" time="0.100472">
<failure message="java.lang.AssertionError: Element is not presenethometab&#13;&#10;&#9;at org.junit.Assert.fail(Assert.java:88)&#13;&#10;&#9;at org.junit.Assert.assertTrue(Assert.java:41)&#13;&#10;&#9;at com.cucumber.salesforce.login.MenuTest.All_tabs_should_be_present(MenuTest.java:28)&#13;&#10;&#9;at ✽.Then All tabs should be present(main\resources\com\cucumber\salesforce\login\menu.feature:10)&#13;&#10;"><![CDATA[Given I logged in "Mozilla".........................................................passed
Then All tabs should be present.......................................................failed
When I click on "hometab"..........................................................skipped
Then "VerifyObject" element should be present................................................skipped

StackTrace:
java.lang.AssertionError: Element is not presenethometab
	at org.junit.Assert.fail(Assert.java:88)
	at org.junit.Assert.assertTrue(Assert.java:41)
	at com.cucumber.salesforce.login.MenuTest.All_tabs_should_be_present(MenuTest.java:28)
	at ✽.Then All tabs should be present(main\resources\com\cucumber\salesforce\login\menu.feature:10)
]]></failure>
</testcase>
<testcase classname="To check the top menu options in the sales force application." name="Testing top menu_1" time="0.022643">
<failure message="java.lang.AssertionError: Element is not presenethometab&#13;&#10;&#9;at org.junit.Assert.fail(Assert.java:88)&#13;&#10;&#9;at org.junit.Assert.assertTrue(Assert.java:41)&#13;&#10;&#9;at com.cucumber.salesforce.login.MenuTest.All_tabs_should_be_present(MenuTest.java:28)&#13;&#10;&#9;at ✽.Then All tabs should be present(main\resources\com\cucumber\salesforce\login\menu.feature:10)&#13;&#10;"><![CDATA[Given I logged in "Mozilla".........................................................passed
Then All tabs should be present.......................................................failed
When I click on "leadtab"..........................................................skipped
Then "VerifyObject" element should be present................................................skipped

StackTrace:
java.lang.AssertionError: Element is not presenethometab
	at org.junit.Assert.fail(Assert.java:88)
	at org.junit.Assert.assertTrue(Assert.java:41)
	at com.cucumber.salesforce.login.MenuTest.All_tabs_should_be_present(MenuTest.java:28)
	at ✽.Then All tabs should be present(main\resources\com\cucumber\salesforce\login\menu.feature:10)
]]></failure>
</testcase>
</testsuite>
